0 info it worked if it ends with ok
1 verbose cli [ '/usr/local/bin/node', '/usr/local/bin/npm', 'adduser' ]
2 info using npm@2.14.7
3 info using node@v4.2.1
4 verbose adduser before first PUT { _id: 'org.couchdb.user:suhaotian',
4 verbose adduser   name: 'suhaotian',
4 verbose adduser   password: 'XXXXX',
4 verbose adduser   email: 'h4av@live.cn',
4 verbose adduser   type: 'user',
4 verbose adduser   roles: [],
4 verbose adduser   date: '2015-11-16T14:38:28.575Z' }
5 verbose request uri http://registry.cnpmjs.org/-/user/org.couchdb.user:suhaotian
6 verbose request new user, so can't send auth
7 info attempt registry request try #1 at 22:38:28
8 verbose request id 2d57e533a1e2eacb
9 http request PUT http://registry.cnpmjs.org/-/user/org.couchdb.user:suhaotian
10 http 409 http://registry.cnpmjs.org/-/user/org.couchdb.user:suhaotian
11 verbose headers { server: 'nginx/1.4.6 (Ubuntu)',
11 verbose headers   date: 'Mon, 16 Nov 2015 14:38:31 GMT',
11 verbose headers   'content-type': 'application/json; charset=utf-8',
11 verbose headers   'content-length': '62',
11 verbose headers   connection: 'keep-alive',
11 verbose headers   'x-readtime': '5' }
12 verbose request invalidating /Users/suhaotina/.npm/registry.cnpmjs.org/-/user/org.couchdb.user_3Asuhaotian on PUT
13 verbose adduser update existing user
14 verbose request uri http://registry.cnpmjs.org/-/user/org.couchdb.user:suhaotian?write=true
15 verbose request no auth needed
16 info attempt registry request try #1 at 22:38:32
17 http request GET http://registry.cnpmjs.org/-/user/org.couchdb.user:suhaotian?write=true
18 http 200 http://registry.cnpmjs.org/-/user/org.couchdb.user:suhaotian?write=true
19 verbose headers { server: 'nginx/1.4.6 (Ubuntu)',
19 verbose headers   date: 'Mon, 16 Nov 2015 14:38:31 GMT',
19 verbose headers   'content-type': 'application/json; charset=utf-8',
19 verbose headers   'transfer-encoding': 'chunked',
19 verbose headers   connection: 'keep-alive',
19 verbose headers   'x-readtime': '3',
19 verbose headers   'content-encoding': 'gzip' }
20 verbose adduser userobj { _id: 'org.couchdb.user:suhaotian',
20 verbose adduser   name: 'suhaotian',
20 verbose adduser   password: 'XXXXX',
20 verbose adduser   email: 'h4av@live.cn',
20 verbose adduser   type: 'user',
20 verbose adduser   roles: [],
20 verbose adduser   date: '2015-11-16T14:38:28.575Z' }
21 verbose request uri http://registry.cnpmjs.org/-/user/org.couchdb.user:suhaotian/-rev/undefined
22 verbose request updating existing user; sending authorization
23 info attempt registry request try #1 at 22:38:32
24 http request PUT http://registry.cnpmjs.org/-/user/org.couchdb.user:suhaotian/-rev/undefined
25 http 401 http://registry.cnpmjs.org/-/user/org.couchdb.user:suhaotian/-rev/undefined
26 verbose headers { server: 'nginx/1.4.6 (Ubuntu)',
26 verbose headers   date: 'Mon, 16 Nov 2015 14:38:32 GMT',
26 verbose headers   'content-type': 'application/json; charset=utf-8',
26 verbose headers   'content-length': '47',
26 verbose headers   connection: 'keep-alive',
26 verbose headers   'x-readtime': '4' }
27 verbose request invalidating /Users/suhaotina/.npm/registry.cnpmjs.org/-/user/org.couchdb.user_3Asuhaotian on PUT
28 verbose adduser back [ { [Error: unauthorized Login first: -/user/org.couchdb.user:suhaotian/-rev/undefined] statusCode: 401, code: 'E401' },
28 verbose adduser   { error: 'unauthorized', reason: 'Login first' },
28 verbose adduser   '{"error":"unauthorized","reason":"Login first"}' ]
29 warn adduser Incorrect username or password
29 warn adduser You can reset your account by visiting:
29 warn adduser
29 warn adduser     https://npmjs.org/forgot
30 verbose stack Error: unauthorized Login first: -/user/org.couchdb.user:suhaotian/-rev/undefined
30 verbose stack     at makeError (/usr/local/lib/node_modules/npm/node_modules/npm-registry-client/lib/request.js:264:12)
30 verbose stack     at CachingRegistryClient.<anonymous> (/usr/local/lib/node_modules/npm/node_modules/npm-registry-client/lib/request.js:252:14)
30 verbose stack     at Request._callback (/usr/local/lib/node_modules/npm/node_modules/npm-registry-client/lib/request.js:172:14)
30 verbose stack     at Request.self.callback (/usr/local/lib/node_modules/npm/node_modules/request/request.js:198:22)
30 verbose stack     at emitTwo (events.js:87:13)
30 verbose stack     at Request.emit (events.js:172:7)
30 verbose stack     at Request.<anonymous> (/usr/local/lib/node_modules/npm/node_modules/request/request.js:1063:14)
30 verbose stack     at emitOne (events.js:82:20)
30 verbose stack     at Request.emit (events.js:169:7)
30 verbose stack     at IncomingMessage.<anonymous> (/usr/local/lib/node_modules/npm/node_modules/request/request.js:1009:12)
31 verbose statusCode 401
32 verbose cwd /Users/suhaotina/Documents/mutil
33 error Darwin 15.0.0
34 error argv "/usr/local/bin/node" "/usr/local/bin/npm" "adduser"
35 error node v4.2.1
36 error npm  v2.14.7
37 error code E401
38 error unauthorized Login first: -/user/org.couchdb.user:suhaotian/-rev/undefined
39 error If you need help, you may report this error at:
39 error     <https://github.com/npm/npm/issues>
40 verbose exit [ 1, true ]
